(---------------------------------------------------------------------)
(                                                                     )
(    QUICKPLACE LOG                                                   )
(                                                                     )
(    Drawing          : volt_ctrl.brd                                 )
(    Software Version : 17.4P001                                      )
(    Date/Time        : Mon May 31 18:43:10 2021                      )
(                                                                     )
(---------------------------------------------------------------------)


State: Placing on layer TOP

         Placed symbol:  U51 / 74HC245_TSSOP-20N_74HC245 / TSSOP-20N at (254.1282 106.0118)
         Placed symbol:  U11 / 74HC245_TSSOP-20N_74HC245 / TSSOP-20N at (254.1282 98.7486)
         Placed symbol:  U13 / 74HC245_TSSOP-20N_74HC245 / TSSOP-20N at (254.1282 91.4854)
         Placed symbol:  U15 / 74HC245_TSSOP-20N_74HC245 / TSSOP-20N at (254.1282 84.2222)
         Placed symbol:  U17 / 74HC245_TSSOP-20N_74HC245 / TSSOP-20N at (254.1282 76.9590)
         Placed symbol:  U19 / 74HC245_TSSOP-20N_74HC245 / TSSOP-20N at (254.1282 69.6958)
         Placed symbol:  U21 / 74HC245_TSSOP-20N_74HC245 / TSSOP-20N at (254.1282 62.4326)
         Placed symbol:  U23 / 74HC245_TSSOP-20N_74HC245 / TSSOP-20N at (254.1282 55.1694)
         Placed symbol:  U25 / 74HC245_TSSOP-20N_74HC245 / TSSOP-20N at (254.1282 47.9062)
         Placed symbol:  U27 / 74HC245_TSSOP-20N_74HC245 / TSSOP-20N at (254.1282 40.6430)
         Placed symbol:  U29 / 74HC245_TSSOP-20N_74HC245 / TSSOP-20N at (254.1282 33.3798)
         Placed symbol:  U31 / 74HC245_TSSOP-20N_74HC245 / TSSOP-20N at (254.1282 26.1166)
         Placed symbol:  U33 / 74HC245_TSSOP-20N_74HC245 / TSSOP-20N at (254.1282 18.8534)
         Placed symbol:  U35 / 74HC245_TSSOP-20N_74HC245 / TSSOP-20N at (254.1282 11.5902)
         Placed symbol:  U37 / 74HC245_TSSOP-20N_74HC245 / TSSOP-20N at (254.1282 4.3270)
         Placed symbol:  U39 / 74HC245_TSSOP-20N_74HC245 / TSSOP-20N at (265.9932 146.2368)
         Placed symbol:  U41 / 74HC245_TSSOP-20N_74HC245 / TSSOP-20N at (265.9932 138.9736)
         Placed symbol:  U43 / 74HC245_TSSOP-20N_74HC245 / TSSOP-20N at (265.9932 131.7104)
         Placed symbol:  U45 / 74HC245_TSSOP-20N_74HC245 / TSSOP-20N at (265.9932 124.4472)
         Placed symbol:  U47 / 74HC245_TSSOP-20N_74HC245 / TSSOP-20N at (265.9932 117.1840)
         Placed symbol:  U49 / 74HC245_TSSOP-20N_74HC245 / TSSOP-20N at (265.9932 109.9208)
         Placed symbol:  U10 / AD5504_TSSOP-16N_AD5504 / TSSOP-16N at (265.9807 103.3076)
         Placed symbol:  U14 / AD5504_TSSOP-16N_AD5504 / TSSOP-16N at (265.9807 97.4444)
         Placed symbol:  U16 / AD5504_TSSOP-16N_AD5504 / TSSOP-16N at (265.9807 91.5812)
         Placed symbol:  U18 / AD5504_TSSOP-16N_AD5504 / TSSOP-16N at (265.9807 85.7180)
         Placed symbol:  U20 / AD5504_TSSOP-16N_AD5504 / TSSOP-16N at (265.9807 79.8548)
         Placed symbol:  U22 / AD5504_TSSOP-16N_AD5504 / TSSOP-16N at (265.9807 73.9916)
         Placed symbol:  U24 / AD5504_TSSOP-16N_AD5504 / TSSOP-16N at (265.9807 68.1284)
         Placed symbol:  U26 / AD5504_TSSOP-16N_AD5504 / TSSOP-16N at (265.9807 62.2652)
         Placed symbol:  U28 / AD5504_TSSOP-16N_AD5504 / TSSOP-16N at (265.9807 56.4020)
         Placed symbol:  U30 / AD5504_TSSOP-16N_AD5504 / TSSOP-16N at (265.9807 50.5388)
         Placed symbol:  U32 / AD5504_TSSOP-16N_AD5504 / TSSOP-16N at (265.9807 44.6756)
         Placed symbol:  U34 / AD5504_TSSOP-16N_AD5504 / TSSOP-16N at (265.9807 38.8124)
         Placed symbol:  U36 / AD5504_TSSOP-16N_AD5504 / TSSOP-16N at (265.9807 32.9492)
         Placed symbol:  U38 / AD5504_TSSOP-16N_AD5504 / TSSOP-16N at (265.9807 27.0860)
         Placed symbol:  U40 / AD5504_TSSOP-16N_AD5504 / TSSOP-16N at (265.9807 21.2228)
         Placed symbol:  U42 / AD5504_TSSOP-16N_AD5504 / TSSOP-16N at (265.9807 15.3596)
         Placed symbol:  U44 / AD5504_TSSOP-16N_AD5504 / TSSOP-16N at (265.9807 9.4964)
         Placed symbol:  U46 / AD5504_TSSOP-16N_AD5504 / TSSOP-16N at (265.9807 3.6332)
         Placed symbol:  U48 / AD5504_TSSOP-16N_AD5504 / TSSOP-16N at (274.0339 146.8868)
         Placed symbol:  U50 / AD5504_TSSOP-16N_AD5504 / TSSOP-16N at (274.0339 141.0236)
         Placed symbol:  U12 / AD5504_TSSOP-16N_AD5504 / TSSOP-16N at (274.0339 135.1604)
         Placed symbol:  C47 / CAP NP_CAP0805_4.7UF / CAP0805 at (271.8026 131.2572)
         Placed symbol:  C48 / CAP NP_CAP0805_4.7UF / CAP0805 at (271.8026 129.1540)
         Placed symbol:  C49 / CAP NP_CAP0805_4.7UF / CAP0805 at (271.8026 127.0508)
         Placed symbol:  C54 / CAP NP_CAP0805_4.7UF / CAP0805 at (271.8026 124.9476)
         Placed symbol:  C55 / CAP NP_CAP0805_4.7UF / CAP0805 at (271.8026 122.8444)
         Placed symbol:  C64 / CAP NP_CAP0805_4.7UF / CAP0805 at (271.8026 120.7412)
         Placed symbol:  C65 / CAP NP_CAP0805_4.7UF / CAP0805 at (271.8026 118.6380)
         Placed symbol:  C70 / CAP NP_CAP0805_4.7UF / CAP0805 at (271.8026 116.5348)
         Placed symbol:  C71 / CAP NP_CAP0805_4.7UF / CAP0805 at (271.8026 114.4316)
         Placed symbol:  C72 / CAP NP_CAP0805_4.7UF / CAP0805 at (271.8026 112.3284)
         Placed symbol:  C73 / CAP NP_CAP0805_4.7UF / CAP0805 at (271.8026 110.2252)
         Placed symbol:  C78 / CAP NP_CAP0805_4.7UF / CAP0805 at (271.8026 108.1220)
         Placed symbol:  C79 / CAP NP_CAP0805_4.7UF / CAP0805 at (271.8026 106.0188)
         Placed symbol:  C88 / CAP NP_CAP0805_4.7UF / CAP0805 at (271.8026 103.9156)
         Placed symbol:  C89 / CAP NP_CAP0805_4.7UF / CAP0805 at (271.8026 101.8124)
         Placed symbol:  C94 / CAP NP_CAP0805_4.7UF / CAP0805 at (271.8026 99.7092)
         Placed symbol:  C95 / CAP NP_CAP0805_4.7UF / CAP0805 at (271.8026 97.6060)
         Placed symbol:  C96 / CAP NP_CAP0805_4.7UF / CAP0805 at (271.8026 95.5028)
         Placed symbol:  C97 / CAP NP_CAP0805_4.7UF / CAP0805 at (271.8026 93.3996)
         Placed symbol:  C100 / CAP NP_CAP0805_4.7UF / CAP0805 at (271.8026 91.2964)
         Placed symbol:  C101 / CAP NP_CAP0805_4.7UF / CAP0805 at (271.8026 89.1932)
         Placed symbol:  C106 / CAP NP_CAP0805_4.7UF / CAP0805 at (271.8026 87.0900)
         Placed symbol:  C107 / CAP NP_CAP0805_4.7UF / CAP0805 at (271.8026 84.9868)
         Placed symbol:  C108 / CAP NP_CAP0805_4.7UF / CAP0805 at (271.8026 82.8836)
         Placed symbol:  C109 / CAP NP_CAP0805_4.7UF / CAP0805 at (271.8026 80.7804)
         Placed symbol:  C114 / CAP NP_CAP0805_4.7UF / CAP0805 at (271.8026 78.6772)
         Placed symbol:  C115 / CAP NP_CAP0805_4.7UF / CAP0805 at (271.8026 76.5740)
         Placed symbol:  C124 / CAP NP_CAP0805_4.7UF / CAP0805 at (271.8026 74.4708)
         Placed symbol:  C125 / CAP NP_CAP0805_4.7UF / CAP0805 at (271.8026 72.3676)
         Placed symbol:  C130 / CAP NP_CAP0805_4.7UF / CAP0805 at (271.8026 70.2644)
         Placed symbol:  C131 / CAP NP_CAP0805_4.7UF / CAP0805 at (271.8026 68.1612)
         Placed symbol:  C132 / CAP NP_CAP0805_4.7UF / CAP0805 at (271.8026 66.0580)
         Placed symbol:  C133 / CAP NP_CAP0805_4.7UF / CAP0805 at (271.8026 63.9548)
         Placed symbol:  C138 / CAP NP_CAP0805_4.7UF / CAP0805 at (271.8026 61.8516)
         Placed symbol:  C139 / CAP NP_CAP0805_4.7UF / CAP0805 at (271.8026 59.7484)
         Placed symbol:  C148 / CAP NP_CAP0805_4.7UF / CAP0805 at (271.8026 57.6452)
         Placed symbol:  C149 / CAP NP_CAP0805_4.7UF / CAP0805 at (271.8026 55.5420)
         Placed symbol:  C154 / CAP NP_CAP0805_4.7UF / CAP0805 at (271.8026 53.4388)
         Placed symbol:  C155 / CAP NP_CAP0805_4.7UF / CAP0805 at (271.8026 51.3356)
         Placed symbol:  C156 / CAP NP_CAP0805_4.7UF / CAP0805 at (271.8026 49.2324)
         Placed symbol:  C157 / CAP NP_CAP0805_4.7UF / CAP0805 at (271.8026 47.1292)
         Placed symbol:  C102 / CAP NP_CAP0805_4.7UF / CAP0805 at (271.8026 45.0260)
         Placed symbol:  C35 / CAP NP_CAP0805_4.7UF / CAP0805 at (271.8026 42.9228)
         Placed symbol:  C36 / CAP NP_CAP0805_4.7UF / CAP0805 at (271.8026 40.8196)
         Placed symbol:  C37 / CAP NP_CAP0805_4.7UF / CAP0805 at (271.8026 38.7164)
         Placed symbol:  C42 / CAP NP_CAP0805_4.7UF / CAP0805 at (271.8026 36.6132)
         Placed symbol:  C43 / CAP NP_CAP0805_4.7UF / CAP0805 at (271.8026 34.5100)
         Placed symbol:  C52 / CAP NP_CAP0805_4.7UF / CAP0805 at (271.8026 32.4068)
         Placed symbol:  C53 / CAP NP_CAP0805_4.7UF / CAP0805 at (271.8026 30.3036)
         Placed symbol:  C58 / CAP NP_CAP0805_4.7UF / CAP0805 at (271.8026 28.2004)
         Placed symbol:  C59 / CAP NP_CAP0805_4.7UF / CAP0805 at (271.8026 26.0972)
         Placed symbol:  C46 / CAP NP_CAP0805_4.7UF / CAP0805 at (271.8026 23.9940)
         Placed symbol:  C60 / CAP NP_CAP0805_4.7UF / CAP0805 at (271.8026 21.8908)
         Placed symbol:  C66 / CAP NP_CAP0805_4.7UF / CAP0805 at (271.8026 19.7876)
         Placed symbol:  C67 / CAP NP_CAP0805_4.7UF / CAP0805 at (271.8026 17.6844)
         Placed symbol:  C76 / CAP NP_CAP0805_4.7UF / CAP0805 at (271.8026 15.5812)
         Placed symbol:  C77 / CAP NP_CAP0805_4.7UF / CAP0805 at (271.8026 13.4780)
         Placed symbol:  C82 / CAP NP_CAP0805_4.7UF / CAP0805 at (271.8026 11.3748)
         Placed symbol:  C83 / CAP NP_CAP0805_4.7UF / CAP0805 at (271.8026 9.2716)
         Placed symbol:  C84 / CAP NP_CAP0805_4.7UF / CAP0805 at (271.8026 7.1684)
         Placed symbol:  C85 / CAP NP_CAP0805_4.7UF / CAP0805 at (271.8026 5.0652)
         Placed symbol:  C90 / CAP NP_CAP0805_4.7UF / CAP0805 at (271.8026 2.9620)
         Placed symbol:  C91 / CAP NP_CAP0805_4.7UF / CAP0805 at (279.8308 148.8468)
         Placed symbol:  C104 / CAPACITOR POL_SMD_ELECTROLYTIC_CAP_10UF_100V_10UF / SMD_ELECTROLYTIC_CAP_10UF_100V at (285.3996 141.9436)
         Placed symbol:  C116 / CAPACITOR POL_SMD_ELECTROLYTIC_CAP_10UF_100V_10UF / SMD_ELECTROLYTIC_CAP_10UF_100V at (285.3996 130.2404)
         Placed symbol:  C122 / CAPACITOR POL_SMD_ELECTROLYTIC_CAP_10UF_100V_10UF / SMD_ELECTROLYTIC_CAP_10UF_100V at (285.3996 118.5372)
         Placed symbol:  C128 / CAPACITOR POL_SMD_ELECTROLYTIC_CAP_10UF_100V_10UF / SMD_ELECTROLYTIC_CAP_10UF_100V at (285.3996 106.8340)
         Placed symbol:  C140 / CAPACITOR POL_SMD_ELECTROLYTIC_CAP_10UF_100V_10UF / SMD_ELECTROLYTIC_CAP_10UF_100V at (285.3996 95.1308)
         Placed symbol:  C146 / CAPACITOR POL_SMD_ELECTROLYTIC_CAP_10UF_100V_10UF / SMD_ELECTROLYTIC_CAP_10UF_100V at (285.3996 83.4276)
         Placed symbol:  C152 / CAPACITOR POL_SMD_ELECTROLYTIC_CAP_10UF_100V_10UF / SMD_ELECTROLYTIC_CAP_10UF_100V at (285.3996 71.7244)
         Placed symbol:  C32 / CAPACITOR POL_SMD_ELECTROLYTIC_CAP_10UF_100V_10UF / SMD_ELECTROLYTIC_CAP_10UF_100V at (285.3996 60.0212)
         Placed symbol:  C44 / CAPACITOR POL_SMD_ELECTROLYTIC_CAP_10UF_100V_10UF / SMD_ELECTROLYTIC_CAP_10UF_100V at (285.3996 48.3180)
         Placed symbol:  C50 / CAPACITOR POL_SMD_ELECTROLYTIC_CAP_10UF_100V_10UF / SMD_ELECTROLYTIC_CAP_10UF_100V at (285.3996 36.6148)
         Placed symbol:  C56 / CAPACITOR POL_SMD_ELECTROLYTIC_CAP_10UF_100V_10UF / SMD_ELECTROLYTIC_CAP_10UF_100V at (285.3996 24.9116)
         Placed symbol:  C68 / CAPACITOR POL_SMD_ELECTROLYTIC_CAP_10UF_100V_10UF / SMD_ELECTROLYTIC_CAP_10UF_100V at (285.3996 13.2084)
         Placed symbol:  C74 / CAPACITOR POL_SMD_ELECTROLYTIC_CAP_10UF_100V_10UF / SMD_ELECTROLYTIC_CAP_10UF_100V at (300.1028 144.0468)
         Placed symbol:  C80 / CAPACITOR POL_SMD_ELECTROLYTIC_CAP_10UF_100V_10UF / SMD_ELECTROLYTIC_CAP_10UF_100V at (300.1028 132.3436)
         Placed symbol:  C92 / CAPACITOR POL_SMD_ELECTROLYTIC_CAP_10UF_100V_10UF / SMD_ELECTROLYTIC_CAP_10UF_100V at (300.1028 120.6404)
         Placed symbol:  C98 / CAPACITOR POL_SMD_ELECTROLYTIC_CAP_10UF_100V_10UF / SMD_ELECTROLYTIC_CAP_10UF_100V at (300.1028 108.9372)
         Placed symbol:  C110 / CAPACITOR POL_SMD_ELECTROLYTIC_CAP_10UF_100V_10UF / SMD_ELECTROLYTIC_CAP_10UF_100V at (300.1028 97.2340)
         Placed symbol:  C134 / CAPACITOR POL_SMD_ELECTROLYTIC_CAP_10UF_100V_10UF / SMD_ELECTROLYTIC_CAP_10UF_100V at (300.1028 85.5308)
         Placed symbol:  C38 / CAPACITOR POL_SMD_ELECTROLYTIC_CAP_10UF_100V_10UF / SMD_ELECTROLYTIC_CAP_10UF_100V at (300.1028 73.8276)
         Placed symbol:  C62 / CAPACITOR POL_SMD_ELECTROLYTIC_CAP_10UF_100V_10UF / SMD_ELECTROLYTIC_CAP_10UF_100V at (300.1028 62.1244)
         Placed symbol:  C86 / CAPACITOR POL_SMD_ELECTROLYTIC_CAP_10UF_100V_10UF / SMD_ELECTROLYTIC_CAP_10UF_100V at (300.1028 50.4212)
         Placed symbol:  C81 / CAP NP_CAP0603_0.1UF / CAP0603 at (294.3153 43.7430)
         Placed symbol:  C57 / CAP NP_CAP0603_0.1UF / CAP0603 at (294.3153 42.0898)
         Placed symbol:  C33 / CAP NP_CAP0603_0.1UF / CAP0603 at (294.3153 40.4366)
         Placed symbol:  C153 / CAP NP_CAP0603_0.1UF / CAP0603 at (294.3153 38.7834)
         Placed symbol:  C129 / CAP NP_CAP0603_0.1UF / CAP0603 at (294.3153 37.1302)
         Placed symbol:  C105 / CAP NP_CAP0603_0.1UF / CAP0603 at (294.3153 35.4770)
         Placed symbol:  C99 / CAP NP_CAP0603_0.1UF / CAP0603 at (294.3153 33.8238)
         Placed symbol:  C93 / CAP NP_CAP0603_0.1UF / CAP0603 at (294.3153 32.1706)
         Placed symbol:  C87 / CAP NP_CAP0603_0.1UF / CAP0603 at (294.3153 30.5174)
         Placed symbol:  C75 / CAP NP_CAP0603_0.1UF / CAP0603 at (294.3153 28.8642)
         Placed symbol:  C69 / CAP NP_CAP0603_0.1UF / CAP0603 at (294.3153 27.2110)
         Placed symbol:  C63 / CAP NP_CAP0603_0.1UF / CAP0603 at (294.3153 25.5578)
         Placed symbol:  C51 / CAP NP_CAP0603_0.1UF / CAP0603 at (294.3153 23.9046)
         Placed symbol:  C45 / CAP NP_CAP0603_0.1UF / CAP0603 at (294.3153 22.2514)
         Placed symbol:  C39 / CAP NP_CAP0603_0.1UF / CAP0603 at (294.3153 20.5982)
         Placed symbol:  C147 / CAP NP_CAP0603_0.1UF / CAP0603 at (294.3153 18.9450)
         Placed symbol:  C141 / CAP NP_CAP0603_0.1UF / CAP0603 at (294.3153 17.2918)
         Placed symbol:  C135 / CAP NP_CAP0603_0.1UF / CAP0603 at (294.3153 15.6386)
         Placed symbol:  C123 / CAP NP_CAP0603_0.1UF / CAP0603 at (294.3153 13.9854)
         Placed symbol:  C117 / CAP NP_CAP0603_0.1UF / CAP0603 at (294.3153 12.3322)
         Placed symbol:  C41 / CAP NP_CAP0805_4.7UF / CAP0805 at (294.5340 10.4540)
         Placed symbol:  C40 / CAP NP_CAP0805_4.7UF / CAP0805 at (294.5340 8.3508)
         Placed symbol:  C151 / CAP NP_CAP0805_4.7UF / CAP0805 at (294.5340 6.2476)
         Placed symbol:  C150 / CAP NP_CAP0805_4.7UF / CAP0805 at (294.5340 4.1444)
         Placed symbol:  C145 / CAP NP_CAP0805_4.7UF / CAP0805 at (294.5340 2.0412)
         Placed symbol:  C144 / CAP NP_CAP0805_4.7UF / CAP0805 at (309.2372 148.8468)
         Placed symbol:  C143 / CAP NP_CAP0805_4.7UF / CAP0805 at (309.2372 146.7436)
         Placed symbol:  C142 / CAP NP_CAP0805_4.7UF / CAP0805 at (309.2372 144.6404)
         Placed symbol:  C137 / CAP NP_CAP0805_4.7UF / CAP0805 at (309.2372 142.5372)
         Placed symbol:  C136 / CAP NP_CAP0805_4.7UF / CAP0805 at (309.2372 140.4340)
         Placed symbol:  C127 / CAP NP_CAP0805_4.7UF / CAP0805 at (309.2372 138.3308)
         Placed symbol:  C126 / CAP NP_CAP0805_4.7UF / CAP0805 at (309.2372 136.2276)
         Placed symbol:  C121 / CAP NP_CAP0805_4.7UF / CAP0805 at (309.2372 134.1244)
         Placed symbol:  C120 / CAP NP_CAP0805_4.7UF / CAP0805 at (309.2372 132.0212)
         Placed symbol:  C119 / CAP NP_CAP0805_4.7UF / CAP0805 at (309.2372 129.9180)
         Placed symbol:  C118 / CAP NP_CAP0805_4.7UF / CAP0805 at (309.2372 127.8148)
         Placed symbol:  C113 / CAP NP_CAP0805_4.7UF / CAP0805 at (309.2372 125.7116)
         Placed symbol:  C112 / CAP NP_CAP0805_4.7UF / CAP0805 at (309.2372 123.6084)
         Placed symbol:  C103 / CAP NP_CAP0805_4.7UF / CAP0805 at (309.2372 121.5052)
         Placed symbol:  C61 / CAP NP_CAP0805_4.7UF / CAP0805 at (309.2372 119.4020)
         Placed symbol:  C34 / CAP NP_CAP0805_4.7UF / CAP0805 at (309.2372 117.2988)
         Placed symbol:  C111 / CAP NP_CAP0603_0.1UF / CAP0603 at (309.0185 115.4206)
         Placed symbol:  TP58 / TESTPOINT_TESTPOINT_PAD_TESTPOINT / TESTPOINT_PAD at (308.7060 113.2424)
         Placed symbol:  TP59 / TESTPOINT_TESTPOINT_PAD_TESTPOINT / TESTPOINT_PAD at (308.7060 110.5392)
         Placed symbol:  TP60 / TESTPOINT_TESTPOINT_PAD_TESTPOINT / TESTPOINT_PAD at (308.7060 107.8360)
         Placed symbol:  TP61 / TESTPOINT_TESTPOINT_PAD_TESTPOINT / TESTPOINT_PAD at (308.7060 105.1328)
         Placed symbol:  TP62 / TESTPOINT_TESTPOINT_PAD_TESTPOINT / TESTPOINT_PAD at (308.7060 102.4296)
         Placed symbol:  TP63 / TESTPOINT_TESTPOINT_PAD_TESTPOINT / TESTPOINT_PAD at (308.7060 99.7264)
         Placed symbol:  TP64 / TESTPOINT_TESTPOINT_PAD_TESTPOINT / TESTPOINT_PAD at (308.7060 97.0232)
         Placed symbol:  TP65 / TESTPOINT_TESTPOINT_PAD_TESTPOINT / TESTPOINT_PAD at (308.7060 94.3200)
         Placed symbol:  TP66 / TESTPOINT_TESTPOINT_PAD_TESTPOINT / TESTPOINT_PAD at (308.7060 91.6168)
         Placed symbol:  TP67 / TESTPOINT_TESTPOINT_PAD_TESTPOINT / TESTPOINT_PAD at (308.7060 88.9136)
         Placed symbol:  TP68 / TESTPOINT_TESTPOINT_PAD_TESTPOINT / TESTPOINT_PAD at (308.7060 86.2104)
         Placed symbol:  TP69 / TESTPOINT_TESTPOINT_PAD_TESTPOINT / TESTPOINT_PAD at (308.7060 83.5072)
         Placed symbol:  TP70 / TESTPOINT_TESTPOINT_PAD_TESTPOINT / TESTPOINT_PAD at (308.7060 80.8040)
         Placed symbol:  TP71 / TESTPOINT_TESTPOINT_PAD_TESTPOINT / TESTPOINT_PAD at (308.7060 78.1008)
         Placed symbol:  TP72 / TESTPOINT_TESTPOINT_PAD_TESTPOINT / TESTPOINT_PAD at (308.7060 75.3976)
         Placed symbol:  TP73 / TESTPOINT_TESTPOINT_PAD_TESTPOINT / TESTPOINT_PAD at (308.7060 72.6944)
         Placed symbol:  TP74 / TESTPOINT_TESTPOINT_PAD_TESTPOINT / TESTPOINT_PAD at (308.7060 69.9912)
         Placed symbol:  TP75 / TESTPOINT_TESTPOINT_PAD_TESTPOINT / TESTPOINT_PAD at (308.7060 67.2880)
         Placed symbol:  TP76 / TESTPOINT_TESTPOINT_PAD_TESTPOINT / TESTPOINT_PAD at (308.7060 64.5848)
         Placed symbol:  TP77 / TESTPOINT_TESTPOINT_PAD_TESTPOINT / TESTPOINT_PAD at (308.7060 61.8816)
         Placed symbol:  TP78 / TESTPOINT_TESTPOINT_PAD_TESTPOINT / TESTPOINT_PAD at (308.7060 59.1784)
         Placed symbol:  TP79 / TESTPOINT_TESTPOINT_PAD_TESTPOINT / TESTPOINT_PAD at (308.7060 56.4752)
         Placed symbol:  TP80 / TESTPOINT_TESTPOINT_PAD_TESTPOINT / TESTPOINT_PAD at (308.7060 53.7720)
         Placed symbol:  TP81 / TESTPOINT_TESTPOINT_PAD_TESTPOINT / TESTPOINT_PAD at (308.7060 51.0688)
         Placed symbol:  TP82 / TESTPOINT_TESTPOINT_PAD_TESTPOINT / TESTPOINT_PAD at (308.7060 48.3656)
         Placed symbol:  TP83 / TESTPOINT_TESTPOINT_PAD_TESTPOINT / TESTPOINT_PAD at (308.7060 45.6624)
         Placed symbol:  TP84 / TESTPOINT_TESTPOINT_PAD_TESTPOINT / TESTPOINT_PAD at (308.7060 42.9592)
         Placed symbol:  TP85 / TESTPOINT_TESTPOINT_PAD_TESTPOINT / TESTPOINT_PAD at (308.7060 40.2560)
         Placed symbol:  TP86 / TESTPOINT_TESTPOINT_PAD_TESTPOINT / TESTPOINT_PAD at (308.7060 37.5528)
         Placed symbol:  TP87 / TESTPOINT_TESTPOINT_PAD_TESTPOINT / TESTPOINT_PAD at (308.7060 34.8496)
         Placed symbol:  TP88 / TESTPOINT_TESTPOINT_PAD_TESTPOINT / TESTPOINT_PAD at (308.7060 32.1464)
         Placed symbol:  TP89 / TESTPOINT_TESTPOINT_PAD_TESTPOINT / TESTPOINT_PAD at (308.7060 29.4432)
         Placed symbol:  TP90 / TESTPOINT_TESTPOINT_PAD_TESTPOINT / TESTPOINT_PAD at (308.7060 26.7400)
         Placed symbol:  TP91 / TESTPOINT_TESTPOINT_PAD_TESTPOINT / TESTPOINT_PAD at (308.7060 24.0368)
         Placed symbol:  TP92 / TESTPOINT_TESTPOINT_PAD_TESTPOINT / TESTPOINT_PAD at (308.7060 21.3336)
         Placed symbol:  TP93 / TESTPOINT_TESTPOINT_PAD_TESTPOINT / TESTPOINT_PAD at (308.7060 18.6304)
         Placed symbol:  TP94 / TESTPOINT_TESTPOINT_PAD_TESTPOINT / TESTPOINT_PAD at (308.7060 15.9272)
         Placed symbol:  TP95 / TESTPOINT_TESTPOINT_PAD_TESTPOINT / TESTPOINT_PAD at (308.7060 13.2240)
         Placed symbol:  TP96 / TESTPOINT_TESTPOINT_PAD_TESTPOINT / TESTPOINT_PAD at (308.7060 10.5208)
         Placed symbol:  TP97 / TESTPOINT_TESTPOINT_PAD_TESTPOINT / TESTPOINT_PAD at (308.7060 7.8176)
         Placed symbol:  TP98 / TESTPOINT_TESTPOINT_PAD_TESTPOINT / TESTPOINT_PAD at (308.7060 5.1144)
         Placed symbol:  TP99 / TESTPOINT_TESTPOINT_PAD_TESTPOINT / TESTPOINT_PAD at (308.7060 2.4112)
         Placed symbol:  TP57 / TESTPOINT_TESTPOINT_PAD_TESTPOINT / TESTPOINT_PAD at (312.2716 148.5468)
         Placed symbol:  TP56 / TESTPOINT_TESTPOINT_PAD_TESTPOINT / TESTPOINT_PAD at (312.2716 145.8436)
         Placed symbol:  TP55 / TESTPOINT_TESTPOINT_PAD_TESTPOINT / TESTPOINT_PAD at (312.2716 143.1404)
         Placed symbol:  TP54 / TESTPOINT_TESTPOINT_PAD_TESTPOINT / TESTPOINT_PAD at (312.2716 140.4372)
         Placed symbol:  TP53 / TESTPOINT_TESTPOINT_PAD_TESTPOINT / TESTPOINT_PAD at (312.2716 137.7340)
         Placed symbol:  TP52 / TESTPOINT_TESTPOINT_PAD_TESTPOINT / TESTPOINT_PAD at (312.2716 135.0308)
         Placed symbol:  TP51 / TESTPOINT_TESTPOINT_PAD_TESTPOINT / TESTPOINT_PAD at (312.2716 132.3276)
         Placed symbol:  TP50 / TESTPOINT_TESTPOINT_PAD_TESTPOINT / TESTPOINT_PAD at (312.2716 129.6244)
         Placed symbol:  TP49 / TESTPOINT_TESTPOINT_PAD_TESTPOINT / TESTPOINT_PAD at (312.2716 126.9212)
         Placed symbol:  TP48 / TESTPOINT_TESTPOINT_PAD_TESTPOINT / TESTPOINT_PAD at (312.2716 124.2180)
         Placed symbol:  TP47 / TESTPOINT_TESTPOINT_PAD_TESTPOINT / TESTPOINT_PAD at (312.2716 121.5148)
         Placed symbol:  TP46 / TESTPOINT_TESTPOINT_PAD_TESTPOINT / TESTPOINT_PAD at (312.2716 118.8116)
         Placed symbol:  TP45 / TESTPOINT_TESTPOINT_PAD_TESTPOINT / TESTPOINT_PAD at (312.2716 116.1084)
         Placed symbol:  TP44 / TESTPOINT_TESTPOINT_PAD_TESTPOINT / TESTPOINT_PAD at (312.2716 113.4052)
         Placed symbol:  TP43 / TESTPOINT_TESTPOINT_PAD_TESTPOINT / TESTPOINT_PAD at (312.2716 110.7020)
         Placed symbol:  TP42 / TESTPOINT_TESTPOINT_PAD_TESTPOINT / TESTPOINT_PAD at (312.2716 107.9988)
         Placed symbol:  TP41 / TESTPOINT_TESTPOINT_PAD_TESTPOINT / TESTPOINT_PAD at (312.2716 105.2956)
         Placed symbol:  TP40 / TESTPOINT_TESTPOINT_PAD_TESTPOINT / TESTPOINT_PAD at (312.2716 102.5924)
         Placed symbol:  TP39 / TESTPOINT_TESTPOINT_PAD_TESTPOINT / TESTPOINT_PAD at (312.2716 99.8892)
         Placed symbol:  TP38 / TESTPOINT_TESTPOINT_PAD_TESTPOINT / TESTPOINT_PAD at (312.2716 97.1860)
         Placed symbol:  TP37 / TESTPOINT_TESTPOINT_PAD_TESTPOINT / TESTPOINT_PAD at (312.2716 94.4828)
         Placed symbol:  TP36 / TESTPOINT_TESTPOINT_PAD_TESTPOINT / TESTPOINT_PAD at (312.2716 91.7796)
         Placed symbol:  TP35 / TESTPOINT_TESTPOINT_PAD_TESTPOINT / TESTPOINT_PAD at (312.2716 89.0764)
         Placed symbol:  TP34 / TESTPOINT_TESTPOINT_PAD_TESTPOINT / TESTPOINT_PAD at (312.2716 86.3732)
         Placed symbol:  TP33 / TESTPOINT_TESTPOINT_PAD_TESTPOINT / TESTPOINT_PAD at (312.2716 83.6700)
         Placed symbol:  TP32 / TESTPOINT_TESTPOINT_PAD_TESTPOINT / TESTPOINT_PAD at (312.2716 80.9668)
         Placed symbol:  TP31 / TESTPOINT_TESTPOINT_PAD_TESTPOINT / TESTPOINT_PAD at (312.2716 78.2636)
         Placed symbol:  TP30 / TESTPOINT_TESTPOINT_PAD_TESTPOINT / TESTPOINT_PAD at (312.2716 75.5604)
         Placed symbol:  TP29 / TESTPOINT_TESTPOINT_PAD_TESTPOINT / TESTPOINT_PAD at (312.2716 72.8572)
         Placed symbol:  TP28 / TESTPOINT_TESTPOINT_PAD_TESTPOINT / TESTPOINT_PAD at (312.2716 70.1540)
         Placed symbol:  TP27 / TESTPOINT_TESTPOINT_PAD_TESTPOINT / TESTPOINT_PAD at (312.2716 67.4508)
         Placed symbol:  TP26 / TESTPOINT_TESTPOINT_PAD_TESTPOINT / TESTPOINT_PAD at (312.2716 64.7476)
         Placed symbol:  TP25 / TESTPOINT_TESTPOINT_PAD_TESTPOINT / TESTPOINT_PAD at (312.2716 62.0444)
         Placed symbol:  TP24 / TESTPOINT_TESTPOINT_PAD_TESTPOINT / TESTPOINT_PAD at (312.2716 59.3412)
         Placed symbol:  TP23 / TESTPOINT_TESTPOINT_PAD_TESTPOINT / TESTPOINT_PAD at (312.2716 56.6380)
         Placed symbol:  TP22 / TESTPOINT_TESTPOINT_PAD_TESTPOINT / TESTPOINT_PAD at (312.2716 53.9348)
         Placed symbol:  TP21 / TESTPOINT_TESTPOINT_PAD_TESTPOINT / TESTPOINT_PAD at (312.2716 51.2316)
         Placed symbol:  TP20 / TESTPOINT_TESTPOINT_PAD_TESTPOINT / TESTPOINT_PAD at (312.2716 48.5284)
         Placed symbol:  TP19 / TESTPOINT_TESTPOINT_PAD_TESTPOINT / TESTPOINT_PAD at (312.2716 45.8252)
         Placed symbol:  TP18 / TESTPOINT_TESTPOINT_PAD_TESTPOINT / TESTPOINT_PAD at (312.2716 43.1220)
         Placed symbol:  TP101 / TESTPOINT_TESTPOINT_PAD_TESTPOINT / TESTPOINT_PAD at (312.2716 40.4188)
         Placed symbol:  TP100 / TESTPOINT_TESTPOINT_PAD_TESTPOINT / TESTPOINT_PAD at (312.2716 37.7156)


Placed 252 of 252 applicable (252 total) symbols.

-----------------------------------------------------------------------

