(---------------------------------------------------------------------)
(                                                                     )
(    RENAME REFDES                                                    )
(                                                                     )
(    Drawing          : volt_ctrl.brd                                 )
(    Software Version : 17.4P001                                      )
(    Date/Time        : Wed Jun  9 22:14:23 2021                      )
(                                                                     )
(---------------------------------------------------------------------)


Renaming components on BOTH_SIDES on entire BOARD
    Extents: (-100.0000,-300.0000) (700.0000,500.0000)

Sequencing the reference designators SEQUENTIALLY
Row processing direction : to the RIGHT, from the top down.

OLD J3    NEW J1
OLD J4    NEW J2
OLD J5    NEW J3
OLD C140    NEW C1
OLD C128    NEW C2
OLD C134    NEW C3
OLD C8    NEW C4
OLD C14    NEW C5
OLD C20    NEW C6
OLD C68    NEW C7
OLD C74    NEW C8
OLD C80    NEW C9
OLD C15    NEW C10
OLD C9    NEW C11
OLD C21    NEW C12
OLD C81    NEW C13
OLD C141    NEW C14
OLD C69    NEW C15
OLD C129    NEW C16
OLD C75    NEW C17
OLD C135    NEW C18
OLD C130    NEW C19
OLD TP2    NEW TP1
OLD C136    NEW C20
OLD C142    NEW C21
OLD C10    NEW C22
OLD TP82    NEW TP2
OLD TP86    NEW TP3
OLD TP90    NEW TP4
OLD C70    NEW C23
OLD TP42    NEW TP5
OLD C76    NEW C24
OLD TP46    NEW TP6
OLD C82    NEW C25
OLD TP50    NEW TP7
OLD TP6    NEW TP8
OLD C16    NEW C26
OLD TP10    NEW TP9
OLD C22    NEW C27
OLD U2    NEW U1
OLD U4    NEW U2
OLD U6    NEW U3
OLD U22    NEW U4
OLD U24    NEW U5
OLD U26    NEW U6
OLD U42    NEW U7
OLD U44    NEW U8
OLD U46    NEW U9
OLD C11    NEW C28
OLD TP3    NEW TP10
OLD TP83    NEW TP11
OLD C131    NEW C29
OLD C137    NEW C30
OLD C143    NEW C31
OLD TP87    NEW TP12
OLD TP91    NEW TP13
OLD TP43    NEW TP14
OLD TP47    NEW TP15
OLD TP51    NEW TP16
OLD C71    NEW C32
OLD C77    NEW C33
OLD C83    NEW C34
OLD TP7    NEW TP17
OLD C17    NEW C35
OLD TP11    NEW TP18
OLD C23    NEW C36
OLD C12    NEW C37
OLD TP4    NEW TP19
OLD C132    NEW C38
OLD TP84    NEW TP20
OLD TP48    NEW TP21
OLD TP52    NEW TP22
OLD C78    NEW C39
OLD C84    NEW C40
OLD C138    NEW C41
OLD TP88    NEW TP23
OLD C144    NEW C42
OLD TP92    NEW TP24
OLD C72    NEW C43
OLD TP44    NEW TP25
OLD TP8    NEW TP26
OLD C18    NEW C44
OLD TP12    NEW TP27
OLD C24    NEW C45
OLD U3    NEW U10
OLD U5    NEW U11
OLD U7    NEW U12
OLD U43    NEW U13
OLD U45    NEW U14
OLD U47    NEW U15
OLD U23    NEW U16
OLD U25    NEW U17
OLD U27    NEW U18
OLD C13    NEW C46
OLD TP5    NEW TP28
OLD TP49    NEW TP29
OLD TP53    NEW TP30
OLD C79    NEW C47
OLD C85    NEW C48
OLD C73    NEW C49
OLD C133    NEW C50
OLD TP45    NEW TP31
OLD TP85    NEW TP32
OLD TP89    NEW TP33
OLD TP93    NEW TP34
OLD C139    NEW C51
OLD C145    NEW C52
OLD C19    NEW C53
OLD TP9    NEW TP35
OLD C25    NEW C54
OLD TP13    NEW TP36
OLD C26    NEW C55
OLD C38    NEW C56
OLD C116    NEW C57
OLD C146    NEW C58
OLD C32    NEW C59
OLD C98    NEW C60
OLD C86    NEW C61
OLD C92    NEW C62
OLD C39    NEW C63
OLD C27    NEW C64
OLD C33    NEW C65
OLD C99    NEW C66
OLD C87    NEW C67
OLD C117    NEW C68
OLD C93    NEW C69
OLD C147    NEW C70
OLD C118    NEW C71
OLD C148    NEW C72
OLD TP74    NEW TP37
OLD TP94    NEW TP38
OLD C100    NEW C73
OLD TP62    NEW TP39
OLD C88    NEW C74
OLD TP54    NEW TP40
OLD TP14    NEW TP41
OLD C94    NEW C75
OLD TP58    NEW TP42
OLD C28    NEW C76
OLD C40    NEW C77
OLD TP22    NEW TP43
OLD TP18    NEW TP44
OLD C34    NEW C78
OLD U8    NEW U19
OLD U12    NEW U20
OLD U10    NEW U21
OLD U32    NEW U22
OLD U28    NEW U23
OLD U30    NEW U24
OLD U38    NEW U25
OLD U48    NEW U26
OLD TP63    NEW TP45
OLD TP55    NEW TP46
OLD C119    NEW C79
OLD C149    NEW C80
OLD C101    NEW C81
OLD C89    NEW C82
OLD TP75    NEW TP47
OLD TP95    NEW TP48
OLD TP59    NEW TP49
OLD TP15    NEW TP50
OLD C95    NEW C83
OLD C29    NEW C84
OLD C41    NEW C85
OLD TP23    NEW TP51
OLD TP19    NEW TP52
OLD C35    NEW C86
OLD TP64    NEW TP53
OLD TP56    NEW TP54
OLD C102    NEW C87
OLD C90    NEW C88
OLD TP60    NEW TP55
OLD C120    NEW C89
OLD TP76    NEW TP56
OLD C150    NEW C90
OLD TP96    NEW TP57
OLD C96    NEW C91
OLD C30    NEW C92
OLD C42    NEW C93
OLD TP16    NEW TP58
OLD TP24    NEW TP59
OLD C36    NEW C94
OLD TP20    NEW TP60
OLD U9    NEW U27
OLD U13    NEW U28
OLD U11    NEW U29
OLD U39    NEW U30
OLD U33    NEW U31
OLD U29    NEW U32
OLD U49    NEW U33
OLD U31    NEW U34
OLD TP65    NEW TP61
OLD TP57    NEW TP62
OLD C103    NEW C95
OLD C91    NEW C96
OLD TP61    NEW TP63
OLD C97    NEW C97
OLD TP21    NEW TP64
OLD C31    NEW C98
OLD C43    NEW C99
OLD TP77    NEW TP65
OLD TP97    NEW TP66
OLD C37    NEW C100
OLD C121    NEW C101
OLD C151    NEW C102
OLD TP25    NEW TP67
OLD TP17    NEW TP68
OLD C152    NEW C103
OLD C122    NEW C104
OLD C44    NEW C105
OLD C50    NEW C106
OLD C104    NEW C107
OLD C110    NEW C108
OLD C56    NEW C109
OLD C62    NEW C110
OLD C45    NEW C111
OLD C153    NEW C112
OLD C57    NEW C113
OLD C63    NEW C114
OLD C51    NEW C115
OLD C123    NEW C116
OLD C105    NEW C117
OLD C111    NEW C118
OLD C154    NEW C119
OLD TP98    NEW TP69
OLD C124    NEW C120
OLD TP78    NEW TP70
OLD C106    NEW C121
OLD C112    NEW C122
OLD TP34    NEW TP71
OLD C58    NEW C123
OLD C64    NEW C124
OLD TP38    NEW TP72
OLD TP66    NEW TP73
OLD TP70    NEW TP74
OLD TP30    NEW TP75
OLD C46    NEW C125
OLD C52    NEW C126
OLD TP26    NEW TP76
OLD U14    NEW U35
OLD U18    NEW U36
OLD U20    NEW U37
OLD U50    NEW U38
OLD U16    NEW U39
OLD U40    NEW U40
OLD U34    NEW U41
OLD U36    NEW U42
OLD C155    NEW C127
OLD TP99    NEW TP77
OLD TP39    NEW TP78
OLD TP35    NEW TP79
OLD C125    NEW C128
OLD TP79    NEW TP80
OLD C59    NEW C129
OLD C107    NEW C130
OLD C113    NEW C131
OLD C65    NEW C132
OLD TP67    NEW TP81
OLD TP71    NEW TP82
OLD TP31    NEW TP83
OLD C47    NEW C133
OLD C53    NEW C134
OLD TP27    NEW TP84
OLD TP40    NEW TP85
OLD TP36    NEW TP86
OLD C156    NEW C135
OLD TP100    NEW TP87
OLD C60    NEW C136
OLD C126    NEW C137
OLD TP80    NEW TP88
OLD C66    NEW C138
OLD C108    NEW C139
OLD TP68    NEW TP89
OLD C114    NEW C140
OLD TP72    NEW TP90
OLD C48    NEW C141
OLD C54    NEW C142
OLD TP28    NEW TP91
OLD TP32    NEW TP92
OLD U15    NEW U43
OLD U51    NEW U44
OLD U17    NEW U45
OLD U41    NEW U46
OLD U19    NEW U47
OLD U21    NEW U48
OLD U35    NEW U49
OLD U37    NEW U50
OLD TP37    NEW TP93
OLD TP41    NEW TP94
OLD C61    NEW C143
OLD TP101    NEW TP95
OLD C157    NEW C144
OLD TP81    NEW TP96
OLD C127    NEW C145
OLD TP69    NEW TP97
OLD TP73    NEW TP98
OLD C109    NEW C146
OLD C115    NEW C147
OLD C49    NEW C148
OLD C67    NEW C149
OLD C55    NEW C150
OLD TP29    NEW TP99
OLD TP33    NEW TP100
OLD C2    NEW C151
OLD C4    NEW C152
OLD TP1    NEW TP101
OLD J1    NEW J4
OLD L1    NEW L1
OLD U1    NEW U51
OLD D1    NEW D1
OLD C5    NEW C153
OLD C3    NEW C154
OLD C6    NEW C155
OLD C7    NEW C156
OLD R5    NEW R1
OLD J2    NEW J5
OLD R4    NEW R2
OLD C1    NEW C157
OLD R3    NEW R3
OLD R1    NEW R4
OLD D2    NEW D2
OLD R2    NEW R5
Sequencing the reference designators SEQUENTIALLY
Row processing direction : to the LEFT, from the top down.

